<?xml version="1.0" encoding="UTF-8"?>
<testsuite name="StudentTest" tests="2" skipped="0" failures="0" errors="0" timestamp="2021-11-05T10:05:26" hostname="HELIOS" time="0.063">
  <properties/>
  <testcase name="getModules()" classname="StudentTest" time="0.061"/>
  <testcase name="getUsername()" classname="StudentTest" time="0.001"/>
  <system-out><![CDATA[]]></system-out>
  <system-err><![CDATA[]]></system-err>
</testsuite>
