<?xml version="1.0" encoding="UTF-8"?>
<testsuite name="StudentTest" tests="1" skipped="0" failures="0" errors="0" timestamp="2021-10-25T10:53:59" hostname="HELIOS" time="0.058">
  <properties/>
  <testcase name="getUsername()" classname="StudentTest" time="0.058"/>
  <system-out><![CDATA[]]></system-out>
  <system-err><![CDATA[]]></system-err>
</testsuite>
